\BOOKMARK [1][-]{section.1}{\376\377\000S\000B\0000\0001\000\040\040\023\000\040\000I\000n\000t\000r\000o\000d\000u\000c\000t\000i\000o\000n\000\040\000t\000o\000\040\000S\000t\000r\000u\000c\000t\000u\000r\000a\000l\000\040\000B\000i\000o\000i\000n\000f\000o\000r\000m\000a\000t\000i\000c\000s}{}% 1
\BOOKMARK [2][-]{subsection.1.1}{\376\377\000W\000h\000a\000t\000\040\000i\000s\000\040\000s\000t\000r\000u\000c\000t\000u\000r\000a\000l\000\040\000b\000i\000o\000i\000n\000f\000o\000r\000m\000a\000t\000i\000c\000s\000?}{section.1}% 2
\BOOKMARK [2][-]{subsection.1.2}{\376\377\000H\000o\000w\000\040\000d\000o\000e\000s\000\040\000s\000t\000r\000u\000c\000t\000u\000r\000a\000l\000\040\000b\000i\000o\000i\000n\000f\000o\000r\000m\000a\000t\000i\000c\000s\000\040\000d\000i\000f\000f\000e\000r\000\040\000f\000r\000o\000m\000\040\000c\000l\000a\000s\000s\000i\000c\000a\000l\000\040\000b\000i\000o\000i\000n\000f\000o\000r\000m\000a\000t\000i\000c\000s\000?}{section.1}% 3
\BOOKMARK [2][-]{subsection.1.3}{\376\377\000W\000h\000a\000t\000\040\000i\000s\000\040\000t\000h\000e\000\040\000s\000e\000q\000u\000e\000n\000c\000e\040\023\000s\000t\000r\000u\000c\000t\000u\000r\000e\000\040\000g\000a\000p\000?}{section.1}% 4
\BOOKMARK [2][-]{subsection.1.4}{\376\377\000W\000h\000y\000\040\000i\000s\000\040\000p\000r\000o\000t\000e\000i\000n\000\040\000s\000t\000r\000u\000c\000t\000u\000r\000e\000\040\000i\000m\000p\000o\000r\000t\000a\000n\000t\000\040\000f\000o\000r\000\040\000u\000n\000d\000e\000r\000s\000t\000a\000n\000d\000i\000n\000g\000\040\000f\000u\000n\000c\000t\000i\000o\000n\000?}{section.1}% 5
\BOOKMARK [2][-]{subsection.1.5}{\376\377\000W\000h\000a\000t\000\040\000i\000s\000\040\000t\000h\000e\000\040\000p\000r\000o\000t\000e\000i\000n\000\040\000f\000o\000l\000d\000i\000n\000g\000\040\000p\000r\000o\000b\000l\000e\000m\000?}{section.1}% 6
\BOOKMARK [2][-]{subsection.1.6}{\376\377\000W\000h\000y\000\040\000w\000a\000s\000\040\000p\000r\000o\000t\000e\000i\000n\000\040\000s\000t\000r\000u\000c\000t\000u\000r\000e\000\040\000p\000r\000e\000d\000i\000c\000t\000i\000o\000n\000\040\000h\000i\000s\000t\000o\000r\000i\000c\000a\000l\000l\000y\000\040\000d\000i\000f\000f\000i\000c\000u\000l\000t\000?}{section.1}% 7
\BOOKMARK [2][-]{subsection.1.7}{\376\377\000H\000o\000w\000\040\000d\000i\000d\000\040\000A\000l\000p\000h\000a\000F\000o\000l\000d\000\040\000c\000h\000a\000n\000g\000e\000\040\000t\000h\000e\000\040\000f\000i\000e\000l\000d\000?}{section.1}% 8
\BOOKMARK [2][-]{subsection.1.8}{\376\377\000W\000h\000a\000t\000\040\000d\000i\000s\000c\000i\000p\000l\000i\000n\000e\000s\000\040\000c\000o\000n\000t\000r\000i\000b\000u\000t\000e\000\040\000t\000o\000\040\000b\000i\000o\000i\000n\000f\000o\000r\000m\000a\000t\000i\000c\000s\000?}{section.1}% 9
\BOOKMARK [2][-]{subsection.1.9}{\376\377\000W\000h\000a\000t\000\040\000a\000r\000e\000\040\000t\000h\000e\000\040\000m\000a\000i\000n\000\040\000a\000p\000p\000l\000i\000c\000a\000t\000i\000o\000n\000s\000\040\000o\000f\000\040\000s\000t\000r\000u\000c\000t\000u\000r\000a\000l\000\040\000b\000i\000o\000i\000n\000f\000o\000r\000m\000a\000t\000i\000c\000s\000?}{section.1}% 10
\BOOKMARK [2][-]{subsection.1.10}{\376\377\000W\000h\000a\000t\000\040\000c\000o\000m\000p\000u\000t\000a\000t\000i\000o\000n\000a\000l\000\040\000s\000k\000i\000l\000l\000s\000\040\000a\000r\000e\000\040\000i\000m\000p\000o\000r\000t\000a\000n\000t\000\040\000i\000n\000\040\000t\000h\000i\000s\000\040\000f\000i\000e\000l\000d\000?}{section.1}% 11
\BOOKMARK [1][-]{section.2}{\376\377\000S\000B\0000\0002\000\040\040\023\000\040\000C\000h\000e\000m\000i\000c\000a\000l\000\040\000B\000o\000n\000d\000s}{}% 12
\BOOKMARK [2][-]{subsection.2.1}{\376\377\000W\000h\000a\000t\000\040\000i\000s\000\040\000t\000h\000e\000\040\000d\000i\000f\000f\000e\000r\000e\000n\000c\000e\000\040\000b\000e\000t\000w\000e\000e\000n\000\040\000p\000h\000y\000s\000i\000c\000a\000l\000\040\000a\000n\000d\000\040\000c\000h\000e\000m\000i\000c\000a\000l\000\040\000t\000r\000a\000n\000s\000f\000o\000r\000m\000a\000t\000i\000o\000n\000s\000?}{section.2}% 13
\BOOKMARK [2][-]{subsection.2.2}{\376\377\000D\000e\000s\000c\000r\000i\000b\000e\000\040\000t\000h\000e\000\040\000s\000t\000r\000u\000c\000t\000u\000r\000e\000\040\000o\000f\000\040\000a\000n\000\040\000a\000t\000o\000m\000.}{section.2}% 14
\BOOKMARK [2][-]{subsection.2.3}{\376\377\000W\000h\000a\000t\000\040\000a\000r\000e\000\040\000o\000r\000b\000i\000t\000a\000l\000s\000\040\000a\000n\000d\000\040\000q\000u\000a\000n\000t\000u\000m\000\040\000n\000u\000m\000b\000e\000r\000s\000?}{section.2}% 15
\BOOKMARK [2][-]{subsection.2.4}{\376\377\000E\000x\000p\000l\000a\000i\000n\000\040\000t\000h\000e\000\040\000A\000u\000f\000b\000a\000u\000\040\000p\000r\000i\000n\000c\000i\000p\000l\000e\000.}{section.2}% 16
\BOOKMARK [2][-]{subsection.2.5}{\376\377\000W\000h\000a\000t\000\040\000i\000s\000\040\000e\000l\000e\000c\000t\000r\000o\000n\000e\000g\000a\000t\000i\000v\000i\000t\000y\000?}{section.2}% 17
\BOOKMARK [2][-]{subsection.2.6}{\376\377\000C\000o\000m\000p\000a\000r\000e\000\040\000c\000o\000v\000a\000l\000e\000n\000t\000\040\000a\000n\000d\000\040\000i\000o\000n\000i\000c\000\040\000b\000o\000n\000d\000s\000.}{section.2}% 18
\BOOKMARK [2][-]{subsection.2.7}{\376\377\000W\000h\000a\000t\000\040\000d\000e\000t\000e\000r\000m\000i\000n\000e\000s\000\040\000b\000o\000n\000d\000\040\000p\000o\000l\000a\000r\000i\000t\000y\000?}{section.2}% 19
\BOOKMARK [2][-]{subsection.2.8}{\376\377\000W\000h\000y\000\040\000a\000r\000e\000\040\000n\000o\000n\000-\000c\000o\000v\000a\000l\000e\000n\000t\000\040\000i\000n\000t\000e\000r\000a\000c\000t\000i\000o\000n\000s\000\040\000i\000m\000p\000o\000r\000t\000a\000n\000t\000\040\000i\000n\000\040\000p\000r\000o\000t\000e\000i\000n\000s\000?}{section.2}% 20
\BOOKMARK [2][-]{subsection.2.9}{\376\377\000W\000h\000a\000t\000\040\000r\000o\000l\000e\000\040\000d\000o\000\040\000h\000y\000d\000r\000o\000g\000e\000n\000\040\000b\000o\000n\000d\000s\000\040\000p\000l\000a\000y\000\040\000i\000n\000\040\000b\000i\000o\000l\000o\000g\000y\000?}{section.2}% 21
\BOOKMARK [2][-]{subsection.2.10}{\376\377\000W\000h\000y\000\040\000i\000s\000\040\000c\000a\000r\000b\000o\000n\000\040\000p\000a\000r\000t\000i\000c\000u\000l\000a\000r\000l\000y\000\040\000s\000u\000i\000t\000e\000d\000\040\000f\000o\000r\000\040\000l\000i\000f\000e\000?}{section.2}% 22
\BOOKMARK [1][-]{section.3}{\376\377\000S\000B\0000\0003\000\040\040\023\000\040\000A\000m\000i\000n\000o\000\040\000A\000c\000i\000d\000s\000\040\000/\000\040\000A\000c\000i\000d\000-\000B\000a\000s\000e\000\040\000T\000h\000e\000o\000r\000y}{}% 23
\BOOKMARK [2][-]{subsection.3.1}{\376\377\000C\000o\000m\000p\000a\000r\000e\000\040\000A\000r\000r\000h\000e\000n\000i\000u\000s\000\040\000a\000n\000d\000\040\000B\000r\000\370\000n\000s\000t\000e\000d\040\023\000L\000o\000w\000r\000y\000\040\000t\000h\000e\000o\000r\000i\000e\000s\000.}{section.3}% 24
\BOOKMARK [2][-]{subsection.3.2}{\376\377\000W\000h\000a\000t\000\040\000i\000s\000\040\000a\000\040\000c\000o\000n\000j\000u\000g\000a\000t\000e\000\040\000a\000c\000i\000d\000-\000b\000a\000s\000e\000\040\000p\000a\000i\000r\000?}{section.3}% 25
\BOOKMARK [2][-]{subsection.3.3}{\376\377\000D\000e\000f\000i\000n\000e\000\040\000K\000a\000\040\000a\000n\000d\000\040\000p\000K\000a\000.}{section.3}% 26
\BOOKMARK [2][-]{subsection.3.4}{\376\377\000W\000h\000a\000t\000\040\000i\000s\000\040\000t\000h\000e\000\040\000r\000e\000l\000a\000t\000i\000o\000n\000s\000h\000i\000p\000\040\000b\000e\000t\000w\000e\000e\000n\000\040\000p\000K\000a\000\040\000a\000n\000d\000\040\000a\000c\000i\000d\000\040\000s\000t\000r\000e\000n\000g\000t\000h\000?}{section.3}% 27
\BOOKMARK [2][-]{subsection.3.5}{\376\377\000W\000h\000a\000t\000\040\000i\000s\000\040\000t\000h\000e\000\040\000s\000i\000g\000n\000i\000f\000i\000c\000a\000n\000c\000e\000\040\000o\000f\000\040\000p\000H\000?}{section.3}% 28
\BOOKMARK [2][-]{subsection.3.6}{\376\377\000W\000h\000y\000\040\000i\000s\000\040\000w\000a\000t\000e\000r\000\040\000a\000m\000p\000h\000o\000t\000e\000r\000i\000c\000?}{section.3}% 29
\BOOKMARK [2][-]{subsection.3.7}{\376\377\000W\000h\000a\000t\000\040\000i\000s\000\040\000a\000\040\000b\000u\000f\000f\000e\000r\000?}{section.3}% 30
\BOOKMARK [2][-]{subsection.3.8}{\376\377\000E\000x\000p\000l\000a\000i\000n\000\040\000t\000h\000e\000\040\000H\000e\000n\000d\000e\000r\000s\000o\000n\040\023\000H\000a\000s\000s\000e\000l\000b\000a\000l\000c\000h\000\040\000e\000q\000u\000a\000t\000i\000o\000n\000.}{section.3}% 31
\BOOKMARK [2][-]{subsection.3.9}{\376\377\000H\000o\000w\000\040\000d\000o\000\040\000a\000m\000i\000n\000o\000\040\000a\000c\000i\000d\000s\000\040\000b\000e\000h\000a\000v\000e\000\040\000a\000t\000\040\000d\000i\000f\000f\000e\000r\000e\000n\000t\000\040\000p\000H\000\040\000v\000a\000l\000u\000e\000s\000?}{section.3}% 32
\BOOKMARK [2][-]{subsection.3.10}{\376\377\000W\000h\000a\000t\000\040\000i\000s\000\040\000t\000h\000e\000\040\000i\000s\000o\000e\000l\000e\000c\000t\000r\000i\000c\000\040\000p\000o\000i\000n\000t\000?}{section.3}% 33
\BOOKMARK [1][-]{section.4}{\376\377\000S\000B\0000\0004\000\040\040\023\000\040\000P\000r\000o\000t\000e\000i\000n\000\040\000F\000o\000l\000d\000i\000n\000g}{}% 34
\BOOKMARK [2][-]{subsection.4.1}{\376\377\000W\000h\000a\000t\000\040\000i\000s\000\040\000L\000e\000v\000i\000n\000t\000h\000a\000l\000'\000s\000\040\000p\000a\000r\000a\000d\000o\000x\000?}{section.4}% 35
\BOOKMARK [2][-]{subsection.4.2}{\376\377\000W\000h\000y\000\040\000i\000s\000\040\000p\000r\000o\000t\000e\000i\000n\000\040\000f\000o\000l\000d\000i\000n\000g\000\040\000n\000o\000t\000\040\000a\000\040\000r\000a\000n\000d\000o\000m\000\040\000s\000e\000a\000r\000c\000h\000?}{section.4}% 36
\BOOKMARK [2][-]{subsection.4.3}{\376\377\000W\000h\000a\000t\000\040\000s\000t\000a\000b\000i\000l\000i\000z\000e\000s\000\040\000t\000h\000e\000\040\000n\000a\000t\000i\000v\000e\000\040\000s\000t\000a\000t\000e\000?}{section.4}% 37
\BOOKMARK [2][-]{subsection.4.4}{\376\377\000E\000x\000p\000l\000a\000i\000n\000\040\000t\000h\000e\000\040\000e\000n\000e\000r\000g\000y\000\040\000f\000u\000n\000n\000e\000l\000\040\000m\000o\000d\000e\000l\000.}{section.4}% 38
\BOOKMARK [2][-]{subsection.4.5}{\376\377\000W\000h\000a\000t\000\040\000a\000r\000e\000\040\000t\000h\000e\000\040\000m\000a\000i\000n\000\040\000s\000e\000c\000o\000n\000d\000a\000r\000y\000\040\000s\000t\000r\000u\000c\000t\000u\000r\000e\000s\000?}{section.4}% 39
\BOOKMARK [2][-]{subsection.4.6}{\376\377\000W\000h\000a\000t\000\040\000i\000s\000\040\000t\000h\000e\000\040\000h\000y\000d\000r\000o\000p\000h\000o\000b\000i\000c\000\040\000e\000f\000f\000e\000c\000t\000?}{section.4}% 40
\BOOKMARK [2][-]{subsection.4.7}{\376\377\000D\000i\000f\000f\000e\000r\000e\000n\000c\000e\000\040\000b\000e\000t\000w\000e\000e\000n\000\040\000t\000h\000e\000r\000m\000o\000d\000y\000n\000a\000m\000i\000c\000s\000\040\000a\000n\000d\000\040\000k\000i\000n\000e\000t\000i\000c\000s\000\040\000o\000f\000\040\000f\000o\000l\000d\000i\000n\000g\000?}{section.4}% 41
\BOOKMARK [2][-]{subsection.4.8}{\376\377\000W\000h\000a\000t\000\040\000a\000r\000e\000\040\000m\000o\000l\000e\000c\000u\000l\000a\000r\000\040\000c\000h\000a\000p\000e\000r\000o\000n\000e\000s\000?}{section.4}% 42
\BOOKMARK [2][-]{subsection.4.9}{\376\377\000W\000h\000y\000\040\000d\000o\000\040\000p\000r\000o\000t\000e\000i\000n\000s\000\040\000m\000i\000s\000f\000o\000l\000d\000?}{section.4}% 43
\BOOKMARK [2][-]{subsection.4.10}{\376\377\000H\000o\000w\000\040\000i\000s\000\040\000f\000o\000l\000d\000i\000n\000g\000\040\000r\000e\000l\000a\000t\000e\000d\000\040\000t\000o\000\040\000d\000i\000s\000e\000a\000s\000e\000?}{section.4}% 44
\BOOKMARK [1][-]{section.5}{\376\377\000S\000B\0000\0005\000\040\040\023\000\040\000S\000t\000r\000u\000c\000t\000u\000r\000a\000l\000\040\000D\000a\000t\000a}{}% 45
\BOOKMARK [1][-]{section.6}{\376\377\000S\000B\0000\0006\000\040\040\023\000\040\000S\000t\000r\000u\000c\000t\000u\000r\000a\000l\000\040\000A\000l\000i\000g\000n\000m\000e\000n\000t\000s}{}% 46
\BOOKMARK [1][-]{section.7}{\376\377\000S\000B\0000\0007\000\040\040\023\000\040\000S\000t\000r\000u\000c\000t\000u\000r\000a\000l\000\040\000E\000v\000o\000l\000u\000t\000i\000o\000n}{}% 47
\BOOKMARK [1][-]{section.8}{\376\377\000S\000B\0000\0008\000\040\040\023\000\040\000C\000o\000m\000p\000a\000r\000a\000t\000i\000v\000e\000\040\000M\000o\000d\000e\000l\000l\000i\000n\000g}{}% 48
\BOOKMARK [1][-]{section.9}{\376\377\000S\000B\0000\0009\000\040\040\023\000\040\000S\000t\000a\000t\000i\000s\000t\000i\000c\000a\000l\000\040\000P\000o\000t\000e\000n\000t\000i\000a\000l\000s}{}% 49
\BOOKMARK [1][-]{section.10}{\376\377\000S\000B\0001\0000\000\040\040\023\000\040\000A\000b\000\040\000I\000n\000i\000t\000i\000o\000\040\000M\000e\000t\000h\000o\000d\000s}{}% 50
\BOOKMARK [1][-]{section.11}{\376\377\000S\000B\0001\0001\000\040\040\023\000\040\000T\000a\000n\000d\000e\000m\000\040\000R\000e\000p\000e\000a\000t\000\040\000P\000r\000o\000t\000e\000i\000n\000s}{}% 51
\BOOKMARK [1][-]{section.12}{\376\377\000S\000B\0001\0002\000\040\040\023\000\040\000I\000n\000t\000r\000i\000n\000s\000i\000c\000a\000l\000l\000y\000\040\000D\000i\000s\000o\000r\000d\000e\000r\000e\000d\000\040\000P\000r\000o\000t\000e\000i\000n\000s}{}% 52
\BOOKMARK [1][-]{section.13}{\376\377\000S\000B\0001\0003\000\040\040\023\000\040\000D\000i\000s\000o\000r\000d\000e\000r\000\040\000P\000r\000e\000d\000i\000c\000t\000i\000o\000n}{}% 53
\BOOKMARK [1][-]{section.14}{\376\377\000S\000B\0001\0004\000\040\040\023\000\040\000M\000o\000l\000e\000c\000u\000l\000a\000r\000\040\000D\000y\000n\000a\000m\000i\000c\000s}{}% 54
\BOOKMARK [1][-]{section.15}{\376\377\000S\000B\0001\0005\000\040\040\023\000\040\000R\000I\000N\000G}{}% 55
\BOOKMARK [1][-]{section.16}{\376\377\000S\000B\0001\0006\000\040\040\023\000\040\000E\000m\000b\000e\000d\000d\000i\000n\000g\000s\000\040\000a\000n\000d\000\040\000P\000r\000o\000t\000e\000i\000n\000\040\000L\000a\000n\000g\000u\000a\000g\000e\000\040\000M\000o\000d\000e\000l\000s}{}% 56
